**************************************************************************************************************
                                          OPERATIONAL COMMANDS OUTPUT
**************************************************************************************************************User: lab
Performed: 2017-12-20_1554
Output Log: ./logs/oper_output_20171220-1554.log
Error Log: ./logs/oper_err_20171220-1554.log
**************************************************************************************************************
                                               COMMANDS EXECUTED
************************************************************************************************************** -> show version
**************************************************************************************************************
--------------------------------------------------------------------------------------------------------------
--------------------------------------------------------------------------------------------------------------
**************************************************************************************************************
                                              COMMANDS COMPLETED
****************************************************************************************************************************************************************************************************************************
                                                PROCESS SUMMARY
**************************************************************************************************************Devices With Output:  0
Devices No Output:    0
Devices Unreachable:  2
Total Devices:        2
**************************************************************************************************************
